<?xml version="1.0" encoding="UTF-8" ?>
<testsuite tests="6" failures="0" name="notsodanishbank.CucumberTest" time="0.024" errors="0" skipped="5">
  <properties>
    <property name="java.runtime.name" value="Java(TM) SE Runtime Environment"/>
    <property name="sun.boot.library.path" value="/usr/lib/jvm/jdk1.8.0_162/jre/lib/amd64"/>
    <property name="java.vm.version" value="25.162-b12"/>
    <property name="java.vm.vendor" value="Oracle Corporation"/>
    <property name="maven.multiModuleProjectDirectory" value="/home/ccl/eclipse-workspace/notsodanishbank"/>
    <property name="java.vendor.url" value="http://java.oracle.com/"/>
    <property name="path.separator" value=":"/>
    <property name="guice.disable.misplaced.annotation.check" value="true"/>
    <property name="java.vm.name" value="Java HotSpot(TM) 64-Bit Server VM"/>
    <property name="file.encoding.pkg" value="sun.io"/>
    <property name="user.country" value="US"/>
    <property name="sun.java.launcher" value="SUN_STANDARD"/>
    <property name="sun.os.patch.level" value="unknown"/>
    <property name="java.vm.specification.name" value="Java Virtual Machine Specification"/>
    <property name="user.dir" value="/home/ccl/eclipse-workspace/notsodanishbank"/>
    <property name="java.runtime.version" value="1.8.0_162-b12"/>
    <property name="java.awt.graphicsenv" value="sun.awt.X11GraphicsEnvironment"/>
    <property name="java.endorsed.dirs" value="/usr/lib/jvm/jdk1.8.0_162/jre/lib/endorsed"/>
    <property name="os.arch" value="amd64"/>
    <property name="java.io.tmpdir" value="/tmp"/>
    <property name="line.separator" value="
"/>
    <property name="java.vm.specification.vendor" value="Oracle Corporation"/>
    <property name="os.name" value="Linux"/>
    <property name="classworlds.conf" value="/usr/share/apache-maven-3.5.2/bin/m2.conf"/>
    <property name="sun.jnu.encoding" value="UTF-8"/>
    <property name="java.library.path" value="/usr/java/packages/lib/amd64:/usr/lib64:/lib64:/lib:/usr/lib"/>
    <property name="maven.conf" value="/usr/share/apache-maven-3.5.2/conf"/>
    <property name="java.specification.name" value="Java Platform API Specification"/>
    <property name="java.class.version" value="52.0"/>
    <property name="sun.management.compiler" value="HotSpot 64-Bit Tiered Compilers"/>
    <property name="os.version" value="4.15.0-30-generic"/>
    <property name="library.jansi.path" value="/usr/share/apache-maven-3.5.2/lib/jansi-native"/>
    <property name="user.home" value="/home/ccl"/>
    <property name="user.timezone" value="Europe/Copenhagen"/>
    <property name="java.awt.printerjob" value="sun.print.PSPrinterJob"/>
    <property name="java.specification.version" value="1.8"/>
    <property name="file.encoding" value="UTF-8"/>
    <property name="user.name" value="ccl"/>
    <property name="java.class.path" value="/usr/share/apache-maven-3.5.2/boot/plexus-classworlds-2.5.2.jar"/>
    <property name="java.vm.specification.version" value="1.8"/>
    <property name="sun.arch.data.model" value="64"/>
    <property name="java.home" value="/usr/lib/jvm/jdk1.8.0_162/jre"/>
    <property name="sun.java.command" value="org.codehaus.plexus.classworlds.launcher.Launcher test"/>
    <property name="java.specification.vendor" value="Oracle Corporation"/>
    <property name="user.language" value="en"/>
    <property name="awt.toolkit" value="sun.awt.X11.XToolkit"/>
    <property name="java.vm.info" value="mixed mode"/>
    <property name="java.version" value="1.8.0_162"/>
    <property name="java.ext.dirs" value="/usr/lib/jvm/jdk1.8.0_162/jre/lib/ext:/usr/java/packages/lib/ext"/>
    <property name="securerandom.source" value="file:/dev/./urandom"/>
    <property name="sun.boot.class.path" value="/usr/lib/jvm/jdk1.8.0_162/jre/lib/resources.jar:/usr/lib/jvm/jdk1.8.0_162/jre/lib/rt.jar:/usr/lib/jvm/jdk1.8.0_162/jre/lib/sunrsasign.jar:/usr/lib/jvm/jdk1.8.0_162/jre/lib/jsse.jar:/usr/lib/jvm/jdk1.8.0_162/jre/lib/jce.jar:/usr/lib/jvm/jdk1.8.0_162/jre/lib/charsets.jar:/usr/lib/jvm/jdk1.8.0_162/jre/lib/jfr.jar:/usr/lib/jvm/jdk1.8.0_162/jre/classes"/>
    <property name="java.vendor" value="Oracle Corporation"/>
    <property name="maven.home" value="/usr/share/apache-maven-3.5.2"/>
    <property name="file.separator" value="/"/>
    <property name="java.vendor.url.bug" value="http://bugreport.sun.com/bugreport/"/>
    <property name="sun.cpu.endian" value="little"/>
    <property name="sun.io.unicode.encoding" value="UnicodeLittle"/>
    <property name="sun.desktop" value="gnome"/>
    <property name="sun.cpu.isalist" value=""/>
  </properties>
  <testcase classname="Scenario: Successful cash deposit" name="Given I have an account with a balance of 100" time="0.004">
    <skipped/>
  </testcase>
  <testcase classname="Scenario: Successful cash deposit" name="When I make a deposit of 50 at an ATM" time="0.004">
    <skipped/>
  </testcase>
  <testcase classname="Scenario: Successful cash deposit" name="Then the AtM displays a message that deposit was successful" time="0.004">
    <skipped/>
  </testcase>
  <testcase classname="Scenario: Successful cash deposit" name="And my account has a new balance of 150" time="0.004">
    <skipped/>
  </testcase>
  <testcase classname="Scenario: Successful cash deposit" name="Scenario: Successful cash deposit" time="0.004">
    <skipped/>
  </testcase>
  <testcase classname="Scenario: Successful cash deposit" name="Scenario: Successful cash deposit" time="0.004"/>
</testsuite>